[debug] [2021-02-24T05:01:16.599Z] ----------------------------------------------------------------------
[debug] [2021-02-24T05:01:16.609Z] Command:       C:\Program Files\nodejs\node.exe C:\Users\User\AppData\Roaming\npm\node_modules\firebase-tools\lib\bin\firebase.js init
[debug] [2021-02-24T05:01:16.610Z] CLI Version:   9.4.0
[debug] [2021-02-24T05:01:16.611Z] Platform:      win32
[debug] [2021-02-24T05:01:16.611Z] Node Version:  v12.18.1
[debug] [2021-02-24T05:01:16.615Z] Time:          Wed Feb 24 2021 11:01:16 GMT+0600 (Bangladesh Standard Time)
[debug] [2021-02-24T05:01:16.616Z] ----------------------------------------------------------------------
[debug] [2021-02-24T05:01:16.617Z] 
[debug] [2021-02-24T05:01:16.668Z] >>> [apiv2][query] GET https://firebase-public.firebaseio.com/cli.json [none]
[debug] [2021-02-24T05:01:16.751Z] > command requires scopes: ["email","openid","https://www.googleapis.com/auth/cloudplatformprojects.readonly","https://www.googleapis.com/auth/firebase","https://www.googleapis.com/auth/cloud-platform"]
[debug] [2021-02-24T05:01:16.753Z] > authorizing via signed-in user
[info] 
     ######## #### ########  ######## ########     ###     ######  ########
     ##        ##  ##     ## ##       ##     ##  ##   ##  ##       ##
     ######    ##  ########  ######   ########  #########  ######  ######
     ##        ##  ##    ##  ##       ##     ## ##     ##       ## ##
     ##       #### ##     ## ######## ########  ##     ##  ######  ########

You're about to initialize a Firebase project in this directory:

  E:\Web Development\REACTJS\Project\restaurent

[debug] [2021-02-24T05:01:17.885Z] <<< [apiv2][status] GET https://firebase-public.firebaseio.com/cli.json 200
[debug] [2021-02-24T05:01:17.886Z] <<< [apiv2][body] GET https://firebase-public.firebaseio.com/cli.json {"cloudBuildErrorAfter":1594252800000,"cloudBuildWarnAfter":1590019200000,"defaultNode10After":1594252800000,"minVersion":"3.0.5","node8DeploysDisabledAfter":1613390400000,"node8RuntimeDisabledAfter":1615809600000,"node8WarnAfter":1600128000000}
[info] 
=== Project Setup
[info] 
[info] First, let's associate this project directory with a Firebase project.
[info] You can create multiple project aliases by running firebase use --add, 
[info] but for now we'll just set up a default project.
[info] 
[debug] [2021-02-24T05:13:02.181Z] > refreshing access token with scopes: []
[debug] [2021-02-24T05:13:02.182Z] >>> HTTP REQUEST POST https://www.googleapis.com/oauth2/v3/token  
 <request body omitted>
[debug] [2021-02-24T05:13:02.584Z] <<< HTTP RESPONSE 200 {"cache-control":"no-cache, no-store, max-age=0, must-revalidate","date":"Wed, 24 Feb 2021 05:13:01 GMT","expires":"Mon, 01 Jan 1990 00:00:00 GMT","pragma":"no-cache","content-type":"application/json; charset=utf-8","vary":"X-Origin, Referer, Origin,Accept-Encoding","server":"scaffolding on HTTPServer2","x-xss-protection":"0","x-frame-options":"SAMEORIGIN","x-content-type-options":"nosniff","alt-svc":"h3-29=\":443\"; ma=2592000,h3-T051=\":443\"; ma=2592000,h3-Q050=\":443\"; ma=2592000,h3-Q046=\":443\"; ma=2592000,h3-Q043=\":443\"; ma=2592000,quic=\":443\"; ma=2592000; v=\"46,43\"","accept-ranges":"none","transfer-encoding":"chunked"}
[debug] [2021-02-24T05:13:02.728Z] >>> [apiv2][query] GET https://firebase.googleapis.com/v1beta1/projects pageSize=100
[debug] [2021-02-24T05:13:03.523Z] <<< [apiv2][status] GET https://firebase.googleapis.com/v1beta1/projects 200
[debug] [2021-02-24T05:13:03.526Z] <<< [apiv2][body] GET https://firebase.googleapis.com/v1beta1/projects [omitted]
[info] i  Using project restaurent-37f03 (restaurent) 
[info] 
=== Database Setup
[info] i  database: ensuring required API firebasedatabase.googleapis.com is enabled... 
[debug] [2021-02-24T05:13:09.604Z] > refreshing access token with scopes: ["email","https://www.googleapis.com/auth/cloud-platform","https://www.googleapis.com/auth/cloudplatformprojects.readonly","https://www.googleapis.com/auth/firebase","openid"]
[debug] [2021-02-24T05:13:09.604Z] >>> HTTP REQUEST POST https://www.googleapis.com/oauth2/v3/token  
 <request body omitted>
[debug] [2021-02-24T05:13:09.939Z] <<< HTTP RESPONSE 200 {"expires":"Mon, 01 Jan 1990 00:00:00 GMT","cache-control":"no-cache, no-store, max-age=0, must-revalidate","pragma":"no-cache","date":"Wed, 24 Feb 2021 05:13:09 GMT","content-type":"application/json; charset=utf-8","vary":"X-Origin, Referer, Origin,Accept-Encoding","server":"scaffolding on HTTPServer2","x-xss-protection":"0","x-frame-options":"SAMEORIGIN","x-content-type-options":"nosniff","alt-svc":"h3-29=\":443\"; ma=2592000,h3-T051=\":443\"; ma=2592000,h3-Q050=\":443\"; ma=2592000,h3-Q046=\":443\"; ma=2592000,h3-Q043=\":443\"; ma=2592000,quic=\":443\"; ma=2592000; v=\"46,43\"","accept-ranges":"none","transfer-encoding":"chunked"}
[debug] [2021-02-24T05:13:09.982Z] >>> HTTP REQUEST GET https://serviceusage.googleapis.com/v1/projects/restaurent-37f03/services/firebasedatabase.googleapis.com  
 
[debug] [2021-02-24T05:13:11.756Z] <<< HTTP RESPONSE 200 {"content-type":"application/json; charset=UTF-8","vary":"X-Origin, Referer, Origin,Accept-Encoding","date":"Wed, 24 Feb 2021 05:13:11 GMT","server":"ESF","cache-control":"private","x-xss-protection":"0","x-frame-options":"SAMEORIGIN","x-content-type-options":"nosniff","alt-svc":"h3-29=\":443\"; ma=2592000,h3-T051=\":443\"; ma=2592000,h3-Q050=\":443\"; ma=2592000,h3-Q046=\":443\"; ma=2592000,h3-Q043=\":443\"; ma=2592000,quic=\":443\"; ma=2592000; v=\"46,43\"","accept-ranges":"none","transfer-encoding":"chunked"}
[warn] !  database: missing required API firebasedatabase.googleapis.com. Enabling now... 
[debug] [2021-02-24T05:13:11.760Z] >>> HTTP REQUEST POST https://serviceusage.googleapis.com/v1/projects/restaurent-37f03/services/firebasedatabase.googleapis.com:enable  
 
[debug] [2021-02-24T05:13:13.595Z] <<< HTTP RESPONSE 200 {"content-type":"application/json; charset=UTF-8","vary":"X-Origin, Referer, Origin,Accept-Encoding","date":"Wed, 24 Feb 2021 05:13:12 GMT","server":"ESF","cache-control":"private","x-xss-protection":"0","x-frame-options":"SAMEORIGIN","x-content-type-options":"nosniff","alt-svc":"h3-29=\":443\"; ma=2592000,h3-T051=\":443\"; ma=2592000,h3-Q050=\":443\"; ma=2592000,h3-Q046=\":443\"; ma=2592000,h3-Q043=\":443\"; ma=2592000,quic=\":443\"; ma=2592000; v=\"46,43\"","accept-ranges":"none","transfer-encoding":"chunked"}
[debug] [2021-02-24T05:13:23.600Z] >>> HTTP REQUEST GET https://serviceusage.googleapis.com/v1/projects/restaurent-37f03/services/firebasedatabase.googleapis.com  
 
[debug] [2021-02-24T05:13:25.101Z] <<< HTTP RESPONSE 200 {"content-type":"application/json; charset=UTF-8","vary":"X-Origin, Referer, Origin,Accept-Encoding","date":"Wed, 24 Feb 2021 05:13:24 GMT","server":"ESF","cache-control":"private","x-xss-protection":"0","x-frame-options":"SAMEORIGIN","x-content-type-options":"nosniff","alt-svc":"h3-29=\":443\"; ma=2592000,h3-T051=\":443\"; ma=2592000,h3-Q050=\":443\"; ma=2592000,h3-Q046=\":443\"; ma=2592000,h3-Q043=\":443\"; ma=2592000,quic=\":443\"; ma=2592000; v=\"46,43\"","accept-ranges":"none","transfer-encoding":"chunked"}
[info] +  database: required API firebasedatabase.googleapis.com is enabled 
[info] 
[debug] [2021-02-24T05:13:25.143Z] > refreshing access token with scopes: []
[debug] [2021-02-24T05:13:25.144Z] >>> HTTP REQUEST POST https://www.googleapis.com/oauth2/v3/token  
 <request body omitted>
[debug] [2021-02-24T05:13:25.437Z] <<< HTTP RESPONSE 200 {"pragma":"no-cache","expires":"Mon, 01 Jan 1990 00:00:00 GMT","cache-control":"no-cache, no-store, max-age=0, must-revalidate","date":"Wed, 24 Feb 2021 05:13:24 GMT","content-type":"application/json; charset=utf-8","vary":"X-Origin, Referer, Origin,Accept-Encoding","server":"scaffolding on HTTPServer2","x-xss-protection":"0","x-frame-options":"SAMEORIGIN","x-content-type-options":"nosniff","alt-svc":"h3-29=\":443\"; ma=2592000,h3-T051=\":443\"; ma=2592000,h3-Q050=\":443\"; ma=2592000,h3-Q046=\":443\"; ma=2592000,h3-Q043=\":443\"; ma=2592000,quic=\":443\"; ma=2592000; v=\"46,43\"","accept-ranges":"none","transfer-encoding":"chunked"}
[debug] [2021-02-24T05:13:25.508Z] >>> [apiv2][query] GET https://firebase.googleapis.com/v1beta1/projects/restaurent-37f03 [none]
[debug] [2021-02-24T05:13:25.909Z] <<< [apiv2][status] GET https://firebase.googleapis.com/v1beta1/projects/restaurent-37f03 200
[debug] [2021-02-24T05:13:25.910Z] <<< [apiv2][body] GET https://firebase.googleapis.com/v1beta1/projects/restaurent-37f03 {"projectId":"restaurent-37f03","projectNumber":"89206148271","displayName":"restaurent","name":"projects/restaurent-37f03","resources":{"hostingSite":"restaurent-37f03"},"state":"ACTIVE"}
[debug] [2021-02-24T05:14:11.248Z] > refreshing access token with scopes: ["email","https://www.googleapis.com/auth/cloud-platform","https://www.googleapis.com/auth/cloudplatformprojects.readonly","https://www.googleapis.com/auth/firebase","openid"]
[debug] [2021-02-24T05:14:11.248Z] >>> HTTP REQUEST POST https://www.googleapis.com/oauth2/v3/token  
 <request body omitted>
[debug] [2021-02-24T05:14:14.329Z] <<< HTTP RESPONSE 200 {"expires":"Mon, 01 Jan 1990 00:00:00 GMT","cache-control":"no-cache, no-store, max-age=0, must-revalidate","pragma":"no-cache","date":"Wed, 24 Feb 2021 05:14:13 GMT","content-type":"application/json; charset=utf-8","vary":"X-Origin, Referer, Origin,Accept-Encoding","server":"scaffolding on HTTPServer2","x-xss-protection":"0","x-frame-options":"SAMEORIGIN","x-content-type-options":"nosniff","alt-svc":"h3-29=\":443\"; ma=2592000,h3-T051=\":443\"; ma=2592000,h3-Q050=\":443\"; ma=2592000,h3-Q046=\":443\"; ma=2592000,h3-Q043=\":443\"; ma=2592000,quic=\":443\"; ma=2592000; v=\"46,43\"","accept-ranges":"none","transfer-encoding":"chunked"}
[debug] [2021-02-24T05:14:14.387Z] >>> HTTP REQUEST POST https://firebasedatabase.googleapis.com/v1beta/projects/restaurent-37f03/locations/europe-west1/instances?databaseId=restaurent-37f03-default-rtdb&validateOnly=true  
 {"type":"default_database"}
[debug] [2021-02-24T05:14:17.944Z] <<< HTTP RESPONSE 200 {"content-type":"application/json; charset=UTF-8","vary":"X-Origin, Referer, Origin,Accept-Encoding","date":"Wed, 24 Feb 2021 05:14:16 GMT","server":"ESF","cache-control":"private","x-xss-protection":"0","x-frame-options":"SAMEORIGIN","x-content-type-options":"nosniff","alt-svc":"h3-29=\":443\"; ma=2592000,h3-T051=\":443\"; ma=2592000,h3-Q050=\":443\"; ma=2592000,h3-Q046=\":443\"; ma=2592000,h3-Q043=\":443\"; ma=2592000,quic=\":443\"; ma=2592000; v=\"46,43\"","accept-ranges":"none","transfer-encoding":"chunked"}
[debug] [2021-02-24T05:14:17.956Z] >>> HTTP REQUEST POST https://firebasedatabase.googleapis.com/v1beta/projects/restaurent-37f03/locations/europe-west1/instances?databaseId=restaurent-37f03-default-rtdb  
 {"type":"default_database"}
[debug] [2021-02-24T05:14:21.116Z] <<< HTTP RESPONSE 200 {"content-type":"application/json; charset=UTF-8","vary":"X-Origin, Referer, Origin,Accept-Encoding","date":"Wed, 24 Feb 2021 05:14:20 GMT","server":"ESF","cache-control":"private","x-xss-protection":"0","x-frame-options":"SAMEORIGIN","x-content-type-options":"nosniff","alt-svc":"h3-29=\":443\"; ma=2592000,h3-T051=\":443\"; ma=2592000,h3-Q050=\":443\"; ma=2592000,h3-Q046=\":443\"; ma=2592000,h3-Q043=\":443\"; ma=2592000,quic=\":443\"; ma=2592000; v=\"46,43\"","accept-ranges":"none","transfer-encoding":"chunked"}
[info] 
[info] Firebase Realtime Database Security Rules allow you to define how your data should be
[info] structured and when your data can be read from and written to.
[info] 
[debug] [2021-02-24T05:14:29.617Z] >>> HTTP REQUEST GET https://restaurent-37f03-default-rtdb.europe-west1.firebasedatabase.app/.settings/rules.json  
 
[debug] [2021-02-24T05:14:31.357Z] <<< HTTP RESPONSE 200 {"server":"nginx","date":"Wed, 24 Feb 2021 05:14:30 GMT","content-type":"application/json; charset=utf-8","content-length":"161","connection":"keep-alive","access-control-allow-origin":"*","cache-control":"no-cache","strict-transport-security":"max-age=31556926; includeSubDomains; preload"}
[info] +  Database Rules for restaurent-37f03-default-rtdb have been written to database.rules.json. 
[info] Future modifications to database.rules.json will update Realtime Database Security Rules when you run
[info] firebase deploy.
[info] 
=== Hosting Setup
[info] 
[info] Your public directory is the folder (relative to your project directory) that
[info] will contain Hosting assets to be uploaded with firebase deploy. If you
[info] have a build process for your assets, use your build's output directory.
[info] 
[debug] [2021-02-24T05:15:40.349Z] >>> [apiv2][query] GET https://www.gstatic.com/firebasejs/releases.json [none]
[debug] [2021-02-24T05:15:41.175Z] <<< [apiv2][status] GET https://www.gstatic.com/firebasejs/releases.json 200
[debug] [2021-02-24T05:15:41.176Z] <<< [apiv2][body] GET https://www.gstatic.com/firebasejs/releases.json {"current":{"version":"8.2.9","browserURL":"https://www.gstatic.com/firebasejs/8.2.9/firebase.js","packageURL":"https://www.gstatic.com/firebasejs/8.2.9/firebase.tgz"},"live":{"version":"8.2","browserURL":"https://www.gstatic.com/firebasejs/live/8.2/firebase.js","packageURL":"https://www.gstatic.com/firebasejs/live/8.2/firebase.tgz"},"components":{"analytics":"https://www.gstatic.com/firebasejs/8.2.9/firebase-analytics.js","app":"https://www.gstatic.com/firebasejs/8.2.9/firebase-app.js","auth":"https://www.gstatic.com/firebasejs/8.2.9/firebase-auth.js","database":"https://www.gstatic.com/firebasejs/8.2.9/firebase-database.js","firestore":"https://www.gstatic.com/firebasejs/8.2.9/firebase-firestore.js","functions":"https://www.gstatic.com/firebasejs/8.2.9/firebase-functions.js","installations":"https://www.gstatic.com/firebasejs/8.2.9/firebase-installations.js","messaging":"https://www.gstatic.com/firebasejs/8.2.9/firebase-messaging.js","storage":"https://www.gstatic.com/firebasejs/8.2.9/firebase-storage.js","performance":"https://www.gstatic.com/firebasejs/8.2.9/firebase-performance.js","remote-config":"https://www.gstatic.com/firebasejs/8.2.9/firebase-remote-config.js","firestore.memory":"https://www.gstatic.com/firebasejs/8.2.9/firebase-firestore.memory.js"}}
[info] i  Skipping write of build/index.html 
[info] 
[info] i  Detected a .git folder at E:\Web Development\REACTJS\Project\restaurent 
[info] i  Authorizing with GitHub to upload your service account to a GitHub repository's secrets store. 
[info] 
[info] Visit this URL on this device to log in:
[info] https://github.com/login/oauth/authorize?client_id=89cf50f02ac6aaed3484&state=51100065&redirect_uri=http%3A%2F%2Flocalhost%3A9005&scope=read%3Auser%20repo%20public_repo
[info] 
[info] Waiting for authentication...
